[debug] [2025-07-28T20:13:29.488Z] ----------------------------------------------------------------------
[debug] [2025-07-28T20:13:29.491Z] Command:       C:\nvm4w\nodejs\node.exe C:\Users\PC\AppData\Roaming\npm\node_modules\firebase-tools\lib\bin\firebase.js init
[debug] [2025-07-28T20:13:29.492Z] CLI Version:   14.11.1
[debug] [2025-07-28T20:13:29.492Z] Platform:      win32
[debug] [2025-07-28T20:13:29.492Z] Node Version:  v22.16.0
[debug] [2025-07-28T20:13:29.492Z] Time:          Mon Jul 28 2025 17:13:29 GMT-0300 (hora estándar de Argentina)
[debug] [2025-07-28T20:13:29.493Z] ----------------------------------------------------------------------
[debug] 
[debug] [2025-07-28T20:13:29.499Z] > command requires scopes: ["email","openid","https://www.googleapis.com/auth/cloudplatformprojects.readonly","https://www.googleapis.com/auth/firebase","https://www.googleapis.com/auth/cloud-platform"]
[debug] [2025-07-28T20:13:29.500Z] > authorizing via signed-in user (jjuanilucero@gmail.com)
[info] 
     ######## #### ########  ######## ########     ###     ######  ########
     ##        ##  ##     ## ##       ##     ##  ##   ##  ##       ##
     ######    ##  ########  ######   ########  #########  ######  ######
     ##        ##  ##    ##  ##       ##     ## ##     ##       ## ##
     ##       #### ##     ## ######## ########  ##     ##  ######  ########

You're about to initialize a Firebase project in this directory:

  C:\Users\PC\Desktop\parcial-api-cambios\.angular

[debug] [2025-07-28T20:14:07.925Z] ExitPromptError: User force closed the prompt with SIGINT
    at Interface.sigint (C:\Users\PC\AppData\Roaming\npm\node_modules\firebase-tools\node_modules\@inquirer\core\dist\commonjs\lib\create-prompt.js:101:37)
    at Interface.emit (node:events:518:28)
    at Interface.emit (node:domain:489:12)
    at [_ttyWrite] [as _ttyWrite] (node:internal/readline/interface:1128:18)
    at ReadStream.onkeypress (node:internal/readline/interface:267:20)
    at ReadStream.emit (node:events:530:35)
    at ReadStream.emit (node:domain:489:12)
    at emitKeys (node:internal/readline/utils:370:14)
    at emitKeys.next (<anonymous>)
    at ReadStream.onData (node:internal/readline/emitKeypressEvents:64:36)
[error] 
[error] Error: An unexpected error has occurred.
